This is pdfTeX, Version 3.14159265-2.6-1.40.20 (TeX Live 2019/Debian) (preloaded format=pdflatex 2021.6.2)  7 JUL 2021 23:23
entering extended mode
 \write18 enabled.
 file:line:error style messages enabled.
 %&-line parsing enabled.
**/home/akshat/Documents/cpp/assignment/CSC203_6_20107/main.tex
(/home/akshat/Documents/cpp/assignment/CSC203_6_20107/main.tex
LaTeX2e <2020-02-02> patch level 2
L3 programming layer <2020-02-14> (/usr/share/texlive/texmf-dist/tex/latex/base/article.cls
Document Class: article 2019/12/20 v1.4l Standard LaTeX document class
(/usr/share/texlive/texmf-dist/tex/latex/base/size12.clo
File: size12.clo 2019/12/20 v1.4l Standard LaTeX file (size option)
)
\c@part=\count167
\c@section=\count168
\c@subsection=\count169
\c@subsubsection=\count170
\c@paragraph=\count171
\c@subparagraph=\count172
\c@figure=\count173
\c@table=\count174
\abovecaptionskip=\skip47
\belowcaptionskip=\skip48
\bibindent=\dimen134
) (/usr/share/texlive/texmf-dist/tex/latex/base/inputenc.sty
Package: inputenc 2018/08/11 v1.3c Input encoding file
\inpenc@prehook=\toks14
\inpenc@posthook=\toks15
) (/usr/share/texmf/tex/latex/tex-gyre/tgbonum.sty
Package: tgbonum 2009/09/27 v1.2 TeX Gyre Bonum as default roman family
 (/usr/share/texlive/texmf-dist/tex/latex/kvoptions/kvoptions.sty
Package: kvoptions 2019/11/29 v3.13 Key value format for package options (HO)
 (/usr/share/texlive/texmf-dist/tex/latex/graphics/keyval.sty
Package: keyval 2014/10/28 v1.15 key=value parser (DPC)
\KV@toks@=\toks16
) (/usr/share/texlive/texmf-dist/tex/generic/ltxcmds/ltxcmds.sty
Package: ltxcmds 2019/12/15 v1.24 LaTeX kernel commands for general use (HO)
) (/usr/share/texlive/texmf-dist/tex/generic/kvsetkeys/kvsetkeys.sty
Package: kvsetkeys 2019/12/15 v1.18 Key value parser (HO)
))) (/usr/share/texlive/texmf-dist/tex/latex/geometry/geometry.sty
Package: geometry 2020/01/02 v5.9 Page Geometry
 (/usr/share/texlive/texmf-dist/tex/generic/iftex/ifvtex.sty
Package: ifvtex 2019/10/25 v1.7 ifvtex legacy package. Use iftex instead.
 (/usr/share/texlive/texmf-dist/tex/generic/iftex/iftex.sty
Package: iftex 2019/11/07 v1.0c TeX engine tests
))
\Gm@cnth=\count175
\Gm@cntv=\count176
\c@Gm@tempcnt=\count177
\Gm@bindingoffset=\dimen135
\Gm@wd@mp=\dimen136
\Gm@odd@mp=\dimen137
\Gm@even@mp=\dimen138
\Gm@layoutwidth=\dimen139
\Gm@layoutheight=\dimen140
\Gm@layouthoffset=\dimen141
\Gm@layoutvoffset=\dimen142
\Gm@dimlist=\toks17
) (/usr/share/texlive/texmf-dist/tex/latex/graphics/graphicx.sty
Package: graphicx 2019/11/30 v1.2a Enhanced LaTeX Graphics (DPC,SPQR)
 (/usr/share/texlive/texmf-dist/tex/latex/graphics/graphics.sty
Package: graphics 2019/11/30 v1.4a Standard LaTeX Graphics (DPC,SPQR)
 (/usr/share/texlive/texmf-dist/tex/latex/graphics/trig.sty
Package: trig 2016/01/03 v1.10 sin cos tan (DPC)
) (/usr/share/texlive/texmf-dist/tex/latex/graphics-cfg/graphics.cfg
File: graphics.cfg 2016/06/04 v1.11 sample graphics configuration
)
Package graphics Info: Driver file: pdftex.def on input line 105.
 (/usr/share/texlive/texmf-dist/tex/latex/graphics-def/pdftex.def
File: pdftex.def 2018/01/08 v1.0l Graphics/color driver for pdftex
))
\Gin@req@height=\dimen143
\Gin@req@width=\dimen144
) (/usr/share/texlive/texmf-dist/tex/latex/minted/minted.sty
Package: minted 2017/07/19 v2.5 Yet another Pygments shim for LaTeX
 (/usr/share/texlive/texmf-dist/tex/latex/fvextra/fvextra.sty
Package: fvextra 2019/02/04 v1.4 fvextra - extensions and patches for fancyvrb
 (/usr/share/texlive/texmf-dist/tex/latex/base/ifthen.sty
Package: ifthen 2014/09/29 v1.1c Standard LaTeX ifthen package (DPC)
) (/usr/share/texlive/texmf-dist/tex/latex/etoolbox/etoolbox.sty
Package: etoolbox 2019/09/21 v2.5h e-TeX tools for LaTeX (JAW)
\etb@tempcnta=\count178
) (/usr/share/texlive/texmf-dist/tex/latex/fancyvrb/fancyvrb.sty
Package: fancyvrb 2020/01/13 v3.5 verbatim text (tvz,hv)
\FV@CodeLineNo=\count179
\FV@InFile=\read2
\FV@TabBox=\box45
\c@FancyVerbLine=\count180
\FV@StepNumber=\count181
\FV@OutFile=\write3
) (/usr/share/texlive/texmf-dist/tex/latex/upquote/upquote.sty
Package: upquote 2012/04/19 v1.3 upright-quote and grave-accent glyphs in verbatim
) (/usr/share/texlive/texmf-dist/tex/latex/lineno/lineno.sty
Package: lineno 2005/11/02 line numbers on paragraphs v4.41
\linenopenalty=\count182
\output=\toks18
\linenoprevgraf=\count183
\linenumbersep=\dimen145
\linenumberwidth=\dimen146
\c@linenumber=\count184
\c@pagewiselinenumber=\count185
\c@LN@truepage=\count186
\c@internallinenumber=\count187
\c@internallinenumbers=\count188
\quotelinenumbersep=\dimen147
\bframerule=\dimen148
\bframesep=\dimen149
\bframebox=\box46
LaTeX Info: Redefining \\ on input line 3056.
)
\c@FV@TrueTabGroupLevel=\count189
\c@FV@TrueTabCounter=\count190
\FV@TabBox@Group=\box47
\FV@TmpLength=\skip49
\c@FV@HighlightLinesStart=\count191
\c@FV@HighlightLinesStop=\count192
\FV@LoopCount=\count193
\FV@NCharsBox=\box48
\FV@BreakIndent=\dimen150
\FV@BreakIndentNChars=\count194
\FV@BreakSymbolSepLeft=\dimen151
\FV@BreakSymbolSepLeftNChars=\count195
\FV@BreakSymbolSepRight=\dimen152
\FV@BreakSymbolSepRightNChars=\count196
\FV@BreakSymbolIndentLeft=\dimen153
\FV@BreakSymbolIndentLeftNChars=\count197
\FV@BreakSymbolIndentRight=\dimen154
\FV@BreakSymbolIndentRightNChars=\count198
\c@FancyVerbLineBreakLast=\count199
\FV@LineBox=\box49
\FV@LineIndentBox=\box50
\FV@LineWidth=\dimen155
) (/usr/share/texlive/texmf-dist/tex/latex/tools/calc.sty
Package: calc 2017/05/25 v4.3 Infix arithmetic (KKT,FJ)
\calc@Acount=\count266
\calc@Bcount=\count267
\calc@Adimen=\dimen156
\calc@Bdimen=\dimen157
\calc@Askip=\skip50
\calc@Bskip=\skip51
LaTeX Info: Redefining \setlength on input line 80.
LaTeX Info: Redefining \addtolength on input line 81.
\calc@Ccount=\count268
\calc@Cskip=\skip52
) (/usr/share/texlive/texmf-dist/tex/latex/tools/shellesc.sty
Package: shellesc 2019/11/08 v1.0c unified shell escape interface for LaTeX
Package shellesc Info: Unrestricted shell escape enabled on input line 75.
) (/usr/share/texlive/texmf-dist/tex/latex/ifplatform/ifplatform.sty
Package: ifplatform 2017/10/13 v0.4a Testing for the operating system
 (/usr/share/texlive/texmf-dist/tex/latex/pdftexcmds/pdftexcmds.sty
Package: pdftexcmds 2019/11/24 v0.31 Utility functions of pdfTeX for LuaTeX (HO)
 (/usr/share/texlive/texmf-dist/tex/generic/infwarerr/infwarerr.sty
Package: infwarerr 2019/12/03 v1.5 Providing info/warning/error messages (HO)
)
Package pdftexcmds Info: \pdf@primitive is available.
Package pdftexcmds Info: \pdf@ifprimitive is available.
Package pdftexcmds Info: \pdfdraftmode found.
) (/usr/share/texlive/texmf-dist/tex/generic/catchfile/catchfile.sty
Package: catchfile 2019/12/09 v1.8 Catch the contents of a file (HO)
 (/usr/share/texlive/texmf-dist/tex/generic/etexcmds/etexcmds.sty
Package: etexcmds 2019/12/15 v1.7 Avoid name clashes with e-TeX commands (HO)
)) (/usr/share/texlive/texmf-dist/tex/generic/iftex/ifluatex.sty
Package: ifluatex 2019/10/25 v1.5 ifluatex legacy package. Use iftex instead.
)
runsystem(uname -s > "main.w18")...executed.

 (/home/akshat/Documents/cpp/assignment/CSC203_6_20107/main.w18)
runsystem(rm -- "main.w18")...executed.

) (/usr/share/texlive/texmf-dist/tex/generic/xstring/xstring.sty (/usr/share/texlive/texmf-dist/tex/generic/xstring/xstring.tex
\integerpart=\count269
\decimalpart=\count270
)
Package: xstring 2019/02/06 v1.83 String manipulations (CT)
) (/usr/share/texlive/texmf-dist/tex/latex/framed/framed.sty
Package: framed 2011/10/22 v 0.96: framed or shaded text with page breaks
\OuterFrameSep=\skip53
\fb@frw=\dimen158
\fb@frh=\dimen159
\FrameRule=\dimen160
\FrameSep=\dimen161
) (/usr/share/texlive/texmf-dist/tex/latex/float/float.sty
Package: float 2001/11/08 v1.3d Float enhancements (AL)
\c@float@type=\count271
\float@exts=\toks19
\float@box=\box51
\@float@everytoks=\toks20
\@floatcapt=\box52
)
\minted@appexistsfile=\read3
\minted@bgbox=\box53
\minted@code=\write4
\c@minted@FancyVerbLineTemp=\count272
\c@minted@pygmentizecounter=\count273
\@float@every@listing=\toks21
\c@listing=\count274
)
runsystem(mkdir -p _minted-main)...executed.

 (/usr/share/texlive/texmf-dist/tex/latex/xcolor/xcolor.sty
Package: xcolor 2016/05/11 v2.12 LaTeX color extensions (UK)
 (/usr/share/texlive/texmf-dist/tex/latex/graphics-cfg/color.cfg
File: color.cfg 2016/01/02 v1.6 sample color configuration
)
Package xcolor Info: Driver file: pdftex.def on input line 225.
Package xcolor Info: Model `cmy' substituted by `cmy0' on input line 1348.
Package xcolor Info: Model `hsb' substituted by `rgb' on input line 1352.
Package xcolor Info: Model `RGB' extended on input line 1364.
Package xcolor Info: Model `HTML' substituted by `rgb' on input line 1366.
Package xcolor Info: Model `Hsb' substituted by `hsb' on input line 1367.
Package xcolor Info: Model `tHsb' substituted by `hsb' on input line 1368.
Package xcolor Info: Model `HSB' substituted by `hsb' on input line 1369.
Package xcolor Info: Model `Gray' substituted by `gray' on input line 1370.
Package xcolor Info: Model `wave' substituted by `hsb' on input line 1371.
)
runsystem(which pygmentize && touch main.aex)...executed.

runsystem(rm main.aex)...executed.

 (/usr/share/texlive/texmf-dist/tex/latex/l3backend/l3backend-pdfmode.def
File: l3backend-pdfmode.def 2020-02-03 L3 backend support: PDF mode
\l__kernel_color_stack_int=\count275
\l__pdf_internal_box=\box54
) (/home/akshat/Documents/cpp/assignment/CSC203_6_20107/main.aux)
\openout1 = `main.aux'.

LaTeX Font Info:    Checking defaults for OML/cmm/m/it on input line 10.
LaTeX Font Info:    ... okay on input line 10.
LaTeX Font Info:    Checking defaults for OMS/cmsy/m/n on input line 10.
LaTeX Font Info:    ... okay on input line 10.
LaTeX Font Info:    Checking defaults for OT1/cmr/m/n on input line 10.
LaTeX Font Info:    ... okay on input line 10.
LaTeX Font Info:    Checking defaults for T1/cmr/m/n on input line 10.
LaTeX Font Info:    ... okay on input line 10.
LaTeX Font Info:    Checking defaults for TS1/cmr/m/n on input line 10.
LaTeX Font Info:    ... okay on input line 10.
LaTeX Font Info:    Checking defaults for OMX/cmex/m/n on input line 10.
LaTeX Font Info:    ... okay on input line 10.
LaTeX Font Info:    Checking defaults for U/cmr/m/n on input line 10.
LaTeX Font Info:    ... okay on input line 10.
LaTeX Font Info:    Trying to load font information for OT1+qbk on input line 10.
 (/usr/share/texmf/tex/latex/tex-gyre/ot1qbk.fd
File: ot1qbk.fd 2009/09/25 v1.2 font definition file for OT1/qbk
)
*geometry* driver: auto-detecting
*geometry* detected driver: pdftex
*geometry* verbose mode - [ preamble ] result:
* driver: pdftex
* paper: a4paper
* layout: <same size as paper>
* layoutoffset:(h,v)=(0.0pt,0.0pt)
* modes: 
* h-part:(L,W,R)=(45.80893pt, 505.89pt, 45.80894pt)
* v-part:(T,H,B)=(48.93872pt, 722.7pt, 73.40813pt)
* \paperwidth=597.50787pt
* \paperheight=845.04684pt
* \textwidth=505.89pt
* \textheight=722.7pt
* \oddsidemargin=-26.46106pt
* \evensidemargin=-26.46106pt
* \topmargin=-60.33127pt
* \headheight=12.0pt
* \headsep=25.0pt
* \topskip=12.0pt
* \footskip=30.0pt
* \marginparwidth=44.0pt
* \marginparsep=10.0pt
* \columnsep=10.0pt
* \skip\footins=10.8pt plus 4.0pt minus 2.0pt
* \hoffset=0.0pt
* \voffset=0.0pt
* \mag=1000
* \@twocolumnfalse
* \@twosidefalse
* \@mparswitchfalse
* \@reversemarginfalse
* (1in=72.27pt=25.4mm, 1cm=28.453pt)

(/usr/share/texlive/texmf-dist/tex/context/base/mkii/supp-pdf.mkii
[Loading MPS to PDF converter (version 2006.09.02).]
\scratchcounter=\count276
\scratchdimen=\dimen162
\scratchbox=\box55
\nofMPsegments=\count277
\nofMParguments=\count278
\everyMPshowfont=\toks22
\MPscratchCnt=\count279
\MPscratchDim=\dimen163
\MPnumerator=\count280
\makeMPintoPDFobject=\count281
\everyMPtoPDFconversion=\toks23
) (/usr/share/texlive/texmf-dist/tex/latex/epstopdf-pkg/epstopdf-base.sty
Package: epstopdf-base 2020-01-24 v2.11 Base part for package epstopdf
Package epstopdf-base Info: Redefining graphics rule for `.eps' on input line 485.
 (/usr/share/texlive/texmf-dist/tex/latex/latexconfig/epstopdf-sys.cfg
File: epstopdf-sys.cfg 2010/07/13 v1.3 Configuration of (r)epstopdf for TeX Live
))
LaTeX Font Info:    External font `cmex10' loaded for size
(Font)              <14.4> on input line 11.
LaTeX Font Info:    External font `cmex10' loaded for size
(Font)              <7> on input line 11.
 [1

{/var/lib/texmf/fonts/map/pdftex/updmap/pdftex.map}] (/home/akshat/Documents/cpp/assignment/CSC203_6_20107/_minted-main/default-pyg-prefix.pygstyle) (/home/akshat/Documents/cpp/assignment/CSC203_6_20107/_minted-main/default.pygstyle) (/home/akshat/Documents/cpp/assignment/CSC203_6_20107/_minted-main/BA19B91A32079E21E479888C7A5AF996C12DE83030866228F24BF90A4E9FA7C4.pygtex
LaTeX Font Info:    Font shape `OT1/cmtt/bx/n' in size <12> not available
(Font)              Font shape `OT1/cmtt/m/n' tried instead on input line 3.
)
<1.png, id=8, 369.38pt x 201.75375pt>
File: 1.png Graphic file (type png)
<use 1.png>
Package pdftex.def Info: 1.png  used on input line 45.
(pdftex.def)             Requested size: 369.37909pt x 201.75325pt.
 [2 </home/akshat/Documents/cpp/assignment/CSC203_6_20107/1.png>] (/home/akshat/Documents/cpp/assignment/CSC203_6_20107/_minted-main/16FB9DA40C70AC54EBD7677CC6BCF3665E64BBFFB95F9A97ACE57E083E819FEC.pygtex)
<2.png, id=16, 346.29375pt x 98.3675pt>
File: 2.png Graphic file (type png)
<use 2.png>
Package pdftex.def Info: 2.png  used on input line 55.
(pdftex.def)             Requested size: 346.2929pt x 98.36723pt.
 [3 </home/akshat/Documents/cpp/assignment/CSC203_6_20107/2.png>] (/home/akshat/Documents/cpp/assignment/CSC203_6_20107/_minted-main/A8F7FB9C846E9D09DBDB24EC31928CDBCBDC162B45969C355CCFEDBF5D92AD39.pygtex)
<3.png, id=21, 162.6075pt x 119.44624pt>
File: 3.png Graphic file (type png)
<use 3.png>
Package pdftex.def Info: 3.png  used on input line 65.
(pdftex.def)             Requested size: 252.94499pt x 185.81956pt.
 [4 </home/akshat/Documents/cpp/assignment/CSC203_6_20107/3.png>] (/home/akshat/Documents/cpp/assignment/CSC203_6_20107/_minted-main/C72D6F44E7F5A3B6027E4F46C529B26B4E78F6A9130CD932152AF1E4678CE456.pygtex)
<4.png, id=26, 252.945pt x 71.26625pt>
File: 4.png Graphic file (type png)
<use 4.png>
Package pdftex.def Info: 4.png  used on input line 75.
(pdftex.def)             Requested size: 455.2979pt x 128.28128pt.
 [5 </home/akshat/Documents/cpp/assignment/CSC203_6_20107/4.png>] (/home/akshat/Documents/cpp/assignment/CSC203_6_20107/_minted-main/7460AB318245E76E866B4268014CA8E1FAC7E34FA60AB23C5958BDDAA5FCB3B9.pygtex)
<5.png, id=31, 212.795pt x 113.42375pt>
File: 5.png Graphic file (type png)
<use 5.png>
Package pdftex.def Info: 5.png  used on input line 85.
(pdftex.def)             Requested size: 354.12144pt x 188.7645pt.
 [6 </home/akshat/Documents/cpp/assignment/CSC203_6_20107/5.png>] (/home/akshat/Documents/cpp/assignment/CSC203_6_20107/_minted-main/D3A8E8B7320D32D6032586AE254FB39A69E4857EF1B3EF2B97A2948A02B4D1BF.pygtex) [7]
<6.png, id=40, 306.14375pt x 158.5925pt>
File: 6.png Graphic file (type png)
<use 6.png>
Package pdftex.def Info: 6.png  used on input line 96.
(pdftex.def)             Requested size: 379.4175pt x 196.56067pt.
 [8 </home/akshat/Documents/cpp/assignment/CSC203_6_20107/6.png>] (/home/akshat/Documents/cpp/assignment/CSC203_6_20107/_minted-main/EEDE1BD0151E913BC08D6AC31775D082C27FF91F693E974EA3A1304AF0E98945.pygtex)
<7.png, id=45, 377.41pt x 101.37875pt>
File: 7.png Graphic file (type png)
<use 7.png>
Package pdftex.def Info: 7.png  used on input line 106.
(pdftex.def)             Requested size: 379.4175pt x 101.91837pt.
 [9 </home/akshat/Documents/cpp/assignment/CSC203_6_20107/7.png>] (/home/akshat/Documents/cpp/assignment/CSC203_6_20107/_minted-main/E13F6B9E1A8A05EFD49325651CB9A96A235BCA14ADF7B86F29C61CF960659B01.pygtex)
<8.png, id=50, 214.8025pt x 129.48375pt>
File: 8.png Graphic file (type png)
<use 8.png>
Package pdftex.def Info: 8.png  used on input line 116.
(pdftex.def)             Requested size: 303.53708pt x 182.98897pt.
 [10 </home/akshat/Documents/cpp/assignment/CSC203_6_20107/8.png>] (/home/akshat/Documents/cpp/assignment/CSC203_6_20107/_minted-main/631CF8913AC2DB05E1798C2DBEFFE5DFB83564A9C10BA97A513F078073F61B39.pygtex)
<9.png, id=55, 215.80624pt x 110.4125pt>
File: 9.png Graphic file (type png)
<use 9.png>
Package pdftex.def Info: 9.png  used on input line 125.
(pdftex.def)             Requested size: 252.94499pt x 129.41795pt.
 [11 </home/akshat/Documents/cpp/assignment/CSC203_6_20107/9.png>] (/home/akshat/Documents/cpp/assignment/CSC203_6_20107/_minted-main/D7D7CE509A89203CDF7C3741B43357406B563E8770C43E5B348D4C5FDB369AA4.pygtex)
<10.png, id=60, 208.78pt x 117.43875pt>
File: 10.png Graphic file (type png)
<use 10.png>
Package pdftex.def Info: 10.png  used on input line 134.
(pdftex.def)             Requested size: 252.94499pt x 142.28946pt.
 [12 </home/akshat/Documents/cpp/assignment/CSC203_6_20107/10.png>] (/home/akshat/Documents/cpp/assignment/CSC203_6_20107/_minted-main/5F0D28DBE9C02AD01DB36DCB3ADDE55912345D67E86E2DD9FE8B2A658B60DDBE.pygtex)
<11.png, id=65, 420.57124pt x 114.4275pt>
File: 11.png Graphic file (type png)
<use 11.png>
Package pdftex.def Info: 11.png  used on input line 143.
(pdftex.def)             Requested size: 420.57022pt x 114.42722pt.
 [13 </home/akshat/Documents/cpp/assignment/CSC203_6_20107/11.png>] (/home/akshat/Documents/cpp/assignment/CSC203_6_20107/_minted-main/95D3C542FD6F89F96791EA9CF0B6FDFE6BA448BAFE2BCAE7387B6ACB8223CE99.pygtex)
<12.png, id=71, 279.0425pt x 140.525pt>
File: 12.png Graphic file (type png)
<use 12.png>
Package pdftex.def Info: 12.png  used on input line 153.
(pdftex.def)             Requested size: 279.04181pt x 140.52464pt.
 [14 </home/akshat/Documents/cpp/assignment/CSC203_6_20107/12.png>] (/home/akshat/Documents/cpp/assignment/CSC203_6_20107/_minted-main/A76C6FFB8E8EA931E841C4D076ED89E2D997BAD111F297B1ADFE2658949DB75A.pygtex)
<13.png, id=76, 469.755pt x 105.39375pt>
File: 13.png Graphic file (type png)
<use 13.png>
Package pdftex.def Info: 13.png  used on input line 163.
(pdftex.def)             Requested size: 469.75386pt x 105.39348pt.
 [15 </home/akshat/Documents/cpp/assignment/CSC203_6_20107/13.png>] (/home/akshat/Documents/cpp/assignment/CSC203_6_20107/_minted-main/3B58CFA85BABBE01E9AEE84164D2F1131E0011610436C0DD2F1B28B3873EB949.pygtex)
<14.png, id=81, 424.58624pt x 95.35625pt>
File: 14.png Graphic file (type png)
<use 14.png>
Package pdftex.def Info: 14.png  used on input line 173.
(pdftex.def)             Requested size: 313.64932pt x 70.44464pt.
 [16 </home/akshat/Documents/cpp/assignment/CSC203_6_20107/14.png>] (/home/akshat/Documents/cpp/assignment/CSC203_6_20107/_minted-main/A3039429ACA110F06B352F9A601330220362406F7CDD0275CC6DB10BD4597E1D.pygtex)
<15.png, id=86, 380.42125pt x 89.33376pt>
File: 15.png Graphic file (type png)
<use 15.png>
Package pdftex.def Info: 15.png  used on input line 183.
(pdftex.def)             Requested size: 505.89pt x 118.80148pt.
 [17 </home/akshat/Documents/cpp/assignment/CSC203_6_20107/15.png>] (/home/akshat/Documents/cpp/assignment/CSC203_6_20107/_minted-main/0C9A45A037E7D918E73EBBBAD03C6898AACB11846EB2BBA5FA6708E27D8BF83A.pygtex)
<16.png, id=91, 779.91376pt x 127.47626pt>
File: 16.png Graphic file (type png)
<use 16.png>
Package pdftex.def Info: 16.png  used on input line 193.
(pdftex.def)             Requested size: 505.89pt x 82.68741pt.
 [18 </home/akshat/Documents/cpp/assignment/CSC203_6_20107/16.png>] (/home/akshat/Documents/cpp/assignment/CSC203_6_20107/_minted-main/504AE97B702867471C276016FFCD0889D16604146ACEC2CF9C04FBB5DBF4CB3B.pygtex)
<17.png, id=96, 407.5225pt x 104.39pt>
File: 17.png Graphic file (type png)
<use 17.png>
Package pdftex.def Info: 17.png  used on input line 203.
(pdftex.def)             Requested size: 379.4175pt x 97.19476pt.
 [19 </home/akshat/Documents/cpp/assignment/CSC203_6_20107/17.png>] (/home/akshat/Documents/cpp/assignment/CSC203_6_20107/_minted-main/54EC2AA255ED5F0FCA958D7BED2088F000EDBD9E74170447344CD01433E2DEC6.pygtex)
<18.png, id=102, 327.2225pt x 179.67125pt>
File: 18.png Graphic file (type png)
<use 18.png>
Package pdftex.def Info: 18.png  used on input line 213.
(pdftex.def)             Requested size: 327.2217pt x 179.67079pt.
 [20 </home/akshat/Documents/cpp/assignment/CSC203_6_20107/18.png>] [21] (/home/akshat/Documents/cpp/assignment/CSC203_6_20107/_minted-main/92EB77F9C17AC8F60958076BB5C7BA44AD03604C2B4FAC459651A14D2384370E.pygtex)
<20.png, id=110, 371.3875pt x 99.37125pt>
File: 20.png Graphic file (type png)
<use 20.png>
Package pdftex.def Info: 20.png  used on input line 231.
(pdftex.def)             Requested size: 303.53708pt x 81.21808pt.
 [22 </home/akshat/Documents/cpp/assignment/CSC203_6_20107/20.png>] (/home/akshat/Documents/cpp/assignment/CSC203_6_20107/main.aux) ) 
Here is how much of TeX's memory you used:
 6059 strings out of 481239
 113618 string characters out of 5920378
 397690 words of memory out of 5000000
 21167 multiletter control sequences out of 15000+600000
 555475 words of font info for 37 fonts, out of 8000000 for 9000
 1141 hyphenation exceptions out of 8191
 41i,6n,37p,896b,351s stack positions out of 5000i,500n,10000p,200000b,80000s
{/usr/share/texmf/fonts/enc/dvips/tex-gyre/q-rm.enc}</usr/share/texlive/texmf-dist/fonts/type1/public/amsfonts/cm/cmitt10.pfb></usr/share/texlive/texmf-dist/fonts/type1/public/amsfonts/cm/cmtt12.pfb></usr/share/texmf/fonts/type1/public/tex-gyre/qbkb.pfb></usr/share/texmf/fonts/type1/public/tex-gyre/qbkr.pfb>
Output written on /home/akshat/Documents/cpp/assignment/CSC203_6_20107/main.pdf (22 pages, 170993 bytes).
PDF statistics:
 131 PDF objects out of 1000 (max. 8388607)
 64 compressed objects within 1 object stream
 0 named destinations out of 1000 (max. 500000)
 96 words of extra memory for PDF output out of 10000 (max. 10000000)

