This is pdfTeX, Version 3.14159265-2.6-1.40.20 (TeX Live 2019/Debian) (preloaded format=pdflatex 2021.6.2)  31 JUL 2021 17:44
entering extended mode
 \write18 enabled.
 file:line:error style messages enabled.
 %&-line parsing enabled.
**/home/akshat/Documents/cpp/assignment/CSC203_8_20107/main.tex
(/home/akshat/Documents/cpp/assignment/CSC203_8_20107/main.tex
LaTeX2e <2020-02-02> patch level 2
L3 programming layer <2020-02-14> (/usr/share/texlive/texmf-dist/tex/latex/base/article.cls
Document Class: article 2019/12/20 v1.4l Standard LaTeX document class
(/usr/share/texlive/texmf-dist/tex/latex/base/size12.clo
File: size12.clo 2019/12/20 v1.4l Standard LaTeX file (size option)
)
\c@part=\count167
\c@section=\count168
\c@subsection=\count169
\c@subsubsection=\count170
\c@paragraph=\count171
\c@subparagraph=\count172
\c@figure=\count173
\c@table=\count174
\abovecaptionskip=\skip47
\belowcaptionskip=\skip48
\bibindent=\dimen134
) (/usr/share/texlive/texmf-dist/tex/latex/base/inputenc.sty
Package: inputenc 2018/08/11 v1.3c Input encoding file
\inpenc@prehook=\toks14
\inpenc@posthook=\toks15
) (/usr/share/texmf/tex/latex/tex-gyre/tgbonum.sty
Package: tgbonum 2009/09/27 v1.2 TeX Gyre Bonum as default roman family
 (/usr/share/texlive/texmf-dist/tex/latex/kvoptions/kvoptions.sty
Package: kvoptions 2019/11/29 v3.13 Key value format for package options (HO)
 (/usr/share/texlive/texmf-dist/tex/latex/graphics/keyval.sty
Package: keyval 2014/10/28 v1.15 key=value parser (DPC)
\KV@toks@=\toks16
) (/usr/share/texlive/texmf-dist/tex/generic/ltxcmds/ltxcmds.sty
Package: ltxcmds 2019/12/15 v1.24 LaTeX kernel commands for general use (HO)
) (/usr/share/texlive/texmf-dist/tex/generic/kvsetkeys/kvsetkeys.sty
Package: kvsetkeys 2019/12/15 v1.18 Key value parser (HO)
))) (/usr/share/texlive/texmf-dist/tex/latex/geometry/geometry.sty
Package: geometry 2020/01/02 v5.9 Page Geometry
 (/usr/share/texlive/texmf-dist/tex/generic/iftex/ifvtex.sty
Package: ifvtex 2019/10/25 v1.7 ifvtex legacy package. Use iftex instead.
 (/usr/share/texlive/texmf-dist/tex/generic/iftex/iftex.sty
Package: iftex 2019/11/07 v1.0c TeX engine tests
))
\Gm@cnth=\count175
\Gm@cntv=\count176
\c@Gm@tempcnt=\count177
\Gm@bindingoffset=\dimen135
\Gm@wd@mp=\dimen136
\Gm@odd@mp=\dimen137
\Gm@even@mp=\dimen138
\Gm@layoutwidth=\dimen139
\Gm@layoutheight=\dimen140
\Gm@layouthoffset=\dimen141
\Gm@layoutvoffset=\dimen142
\Gm@dimlist=\toks17
) (/usr/share/texlive/texmf-dist/tex/latex/graphics/graphicx.sty
Package: graphicx 2019/11/30 v1.2a Enhanced LaTeX Graphics (DPC,SPQR)
 (/usr/share/texlive/texmf-dist/tex/latex/graphics/graphics.sty
Package: graphics 2019/11/30 v1.4a Standard LaTeX Graphics (DPC,SPQR)
 (/usr/share/texlive/texmf-dist/tex/latex/graphics/trig.sty
Package: trig 2016/01/03 v1.10 sin cos tan (DPC)
) (/usr/share/texlive/texmf-dist/tex/latex/graphics-cfg/graphics.cfg
File: graphics.cfg 2016/06/04 v1.11 sample graphics configuration
)
Package graphics Info: Driver file: pdftex.def on input line 105.
 (/usr/share/texlive/texmf-dist/tex/latex/graphics-def/pdftex.def
File: pdftex.def 2018/01/08 v1.0l Graphics/color driver for pdftex
))
\Gin@req@height=\dimen143
\Gin@req@width=\dimen144
) (/usr/share/texlive/texmf-dist/tex/latex/minted/minted.sty
Package: minted 2017/07/19 v2.5 Yet another Pygments shim for LaTeX
 (/usr/share/texlive/texmf-dist/tex/latex/fvextra/fvextra.sty
Package: fvextra 2019/02/04 v1.4 fvextra - extensions and patches for fancyvrb
 (/usr/share/texlive/texmf-dist/tex/latex/base/ifthen.sty
Package: ifthen 2014/09/29 v1.1c Standard LaTeX ifthen package (DPC)
) (/usr/share/texlive/texmf-dist/tex/latex/etoolbox/etoolbox.sty
Package: etoolbox 2019/09/21 v2.5h e-TeX tools for LaTeX (JAW)
\etb@tempcnta=\count178
) (/usr/share/texlive/texmf-dist/tex/latex/fancyvrb/fancyvrb.sty
Package: fancyvrb 2020/01/13 v3.5 verbatim text (tvz,hv)
\FV@CodeLineNo=\count179
\FV@InFile=\read2
\FV@TabBox=\box45
\c@FancyVerbLine=\count180
\FV@StepNumber=\count181
\FV@OutFile=\write3
) (/usr/share/texlive/texmf-dist/tex/latex/upquote/upquote.sty
Package: upquote 2012/04/19 v1.3 upright-quote and grave-accent glyphs in verbatim
) (/usr/share/texlive/texmf-dist/tex/latex/lineno/lineno.sty
Package: lineno 2005/11/02 line numbers on paragraphs v4.41
\linenopenalty=\count182
\output=\toks18
\linenoprevgraf=\count183
\linenumbersep=\dimen145
\linenumberwidth=\dimen146
\c@linenumber=\count184
\c@pagewiselinenumber=\count185
\c@LN@truepage=\count186
\c@internallinenumber=\count187
\c@internallinenumbers=\count188
\quotelinenumbersep=\dimen147
\bframerule=\dimen148
\bframesep=\dimen149
\bframebox=\box46
LaTeX Info: Redefining \\ on input line 3056.
)
\c@FV@TrueTabGroupLevel=\count189
\c@FV@TrueTabCounter=\count190
\FV@TabBox@Group=\box47
\FV@TmpLength=\skip49
\c@FV@HighlightLinesStart=\count191
\c@FV@HighlightLinesStop=\count192
\FV@LoopCount=\count193
\FV@NCharsBox=\box48
\FV@BreakIndent=\dimen150
\FV@BreakIndentNChars=\count194
\FV@BreakSymbolSepLeft=\dimen151
\FV@BreakSymbolSepLeftNChars=\count195
\FV@BreakSymbolSepRight=\dimen152
\FV@BreakSymbolSepRightNChars=\count196
\FV@BreakSymbolIndentLeft=\dimen153
\FV@BreakSymbolIndentLeftNChars=\count197
\FV@BreakSymbolIndentRight=\dimen154
\FV@BreakSymbolIndentRightNChars=\count198
\c@FancyVerbLineBreakLast=\count199
\FV@LineBox=\box49
\FV@LineIndentBox=\box50
\FV@LineWidth=\dimen155
) (/usr/share/texlive/texmf-dist/tex/latex/tools/calc.sty
Package: calc 2017/05/25 v4.3 Infix arithmetic (KKT,FJ)
\calc@Acount=\count266
\calc@Bcount=\count267
\calc@Adimen=\dimen156
\calc@Bdimen=\dimen157
\calc@Askip=\skip50
\calc@Bskip=\skip51
LaTeX Info: Redefining \setlength on input line 80.
LaTeX Info: Redefining \addtolength on input line 81.
\calc@Ccount=\count268
\calc@Cskip=\skip52
) (/usr/share/texlive/texmf-dist/tex/latex/tools/shellesc.sty
Package: shellesc 2019/11/08 v1.0c unified shell escape interface for LaTeX
Package shellesc Info: Unrestricted shell escape enabled on input line 75.
) (/usr/share/texlive/texmf-dist/tex/latex/ifplatform/ifplatform.sty
Package: ifplatform 2017/10/13 v0.4a Testing for the operating system
 (/usr/share/texlive/texmf-dist/tex/latex/pdftexcmds/pdftexcmds.sty
Package: pdftexcmds 2019/11/24 v0.31 Utility functions of pdfTeX for LuaTeX (HO)
 (/usr/share/texlive/texmf-dist/tex/generic/infwarerr/infwarerr.sty
Package: infwarerr 2019/12/03 v1.5 Providing info/warning/error messages (HO)
)
Package pdftexcmds Info: \pdf@primitive is available.
Package pdftexcmds Info: \pdf@ifprimitive is available.
Package pdftexcmds Info: \pdfdraftmode found.
) (/usr/share/texlive/texmf-dist/tex/generic/catchfile/catchfile.sty
Package: catchfile 2019/12/09 v1.8 Catch the contents of a file (HO)
 (/usr/share/texlive/texmf-dist/tex/generic/etexcmds/etexcmds.sty
Package: etexcmds 2019/12/15 v1.7 Avoid name clashes with e-TeX commands (HO)
)) (/usr/share/texlive/texmf-dist/tex/generic/iftex/ifluatex.sty
Package: ifluatex 2019/10/25 v1.5 ifluatex legacy package. Use iftex instead.
)
runsystem(uname -s > "main.w18")...executed.

 (/home/akshat/Documents/cpp/assignment/CSC203_8_20107/main.w18)
runsystem(rm -- "main.w18")...executed.

) (/usr/share/texlive/texmf-dist/tex/generic/xstring/xstring.sty (/usr/share/texlive/texmf-dist/tex/generic/xstring/xstring.tex
\integerpart=\count269
\decimalpart=\count270
)
Package: xstring 2019/02/06 v1.83 String manipulations (CT)
) (/usr/share/texlive/texmf-dist/tex/latex/framed/framed.sty
Package: framed 2011/10/22 v 0.96: framed or shaded text with page breaks
\OuterFrameSep=\skip53
\fb@frw=\dimen158
\fb@frh=\dimen159
\FrameRule=\dimen160
\FrameSep=\dimen161
) (/usr/share/texlive/texmf-dist/tex/latex/float/float.sty
Package: float 2001/11/08 v1.3d Float enhancements (AL)
\c@float@type=\count271
\float@exts=\toks19
\float@box=\box51
\@float@everytoks=\toks20
\@floatcapt=\box52
)
\minted@appexistsfile=\read3
\minted@bgbox=\box53
\minted@code=\write4
\c@minted@FancyVerbLineTemp=\count272
\c@minted@pygmentizecounter=\count273
\@float@every@listing=\toks21
\c@listing=\count274
)
runsystem(mkdir -p _minted-main)...executed.

 (/usr/share/texlive/texmf-dist/tex/latex/xcolor/xcolor.sty
Package: xcolor 2016/05/11 v2.12 LaTeX color extensions (UK)
 (/usr/share/texlive/texmf-dist/tex/latex/graphics-cfg/color.cfg
File: color.cfg 2016/01/02 v1.6 sample color configuration
)
Package xcolor Info: Driver file: pdftex.def on input line 225.
Package xcolor Info: Model `cmy' substituted by `cmy0' on input line 1348.
Package xcolor Info: Model `hsb' substituted by `rgb' on input line 1352.
Package xcolor Info: Model `RGB' extended on input line 1364.
Package xcolor Info: Model `HTML' substituted by `rgb' on input line 1366.
Package xcolor Info: Model `Hsb' substituted by `hsb' on input line 1367.
Package xcolor Info: Model `tHsb' substituted by `hsb' on input line 1368.
Package xcolor Info: Model `HSB' substituted by `hsb' on input line 1369.
Package xcolor Info: Model `Gray' substituted by `gray' on input line 1370.
Package xcolor Info: Model `wave' substituted by `hsb' on input line 1371.
)
runsystem(which pygmentize && touch main.aex)...executed.

runsystem(rm main.aex)...executed.

 (/usr/share/texlive/texmf-dist/tex/latex/l3backend/l3backend-pdfmode.def
File: l3backend-pdfmode.def 2020-02-03 L3 backend support: PDF mode
\l__kernel_color_stack_int=\count275
\l__pdf_internal_box=\box54
) (/home/akshat/Documents/cpp/assignment/CSC203_8_20107/main.aux)
\openout1 = `main.aux'.

LaTeX Font Info:    Checking defaults for OML/cmm/m/it on input line 10.
LaTeX Font Info:    ... okay on input line 10.
LaTeX Font Info:    Checking defaults for OMS/cmsy/m/n on input line 10.
LaTeX Font Info:    ... okay on input line 10.
LaTeX Font Info:    Checking defaults for OT1/cmr/m/n on input line 10.
LaTeX Font Info:    ... okay on input line 10.
LaTeX Font Info:    Checking defaults for T1/cmr/m/n on input line 10.
LaTeX Font Info:    ... okay on input line 10.
LaTeX Font Info:    Checking defaults for TS1/cmr/m/n on input line 10.
LaTeX Font Info:    ... okay on input line 10.
LaTeX Font Info:    Checking defaults for OMX/cmex/m/n on input line 10.
LaTeX Font Info:    ... okay on input line 10.
LaTeX Font Info:    Checking defaults for U/cmr/m/n on input line 10.
LaTeX Font Info:    ... okay on input line 10.
LaTeX Font Info:    Trying to load font information for OT1+qbk on input line 10.
 (/usr/share/texmf/tex/latex/tex-gyre/ot1qbk.fd
File: ot1qbk.fd 2009/09/25 v1.2 font definition file for OT1/qbk
)
*geometry* driver: auto-detecting
*geometry* detected driver: pdftex
*geometry* verbose mode - [ preamble ] result:
* driver: pdftex
* paper: a4paper
* layout: <same size as paper>
* layoutoffset:(h,v)=(0.0pt,0.0pt)
* modes: 
* h-part:(L,W,R)=(45.80893pt, 505.89pt, 45.80894pt)
* v-part:(T,H,B)=(48.93872pt, 722.7pt, 73.40813pt)
* \paperwidth=597.50787pt
* \paperheight=845.04684pt
* \textwidth=505.89pt
* \textheight=722.7pt
* \oddsidemargin=-26.46106pt
* \evensidemargin=-26.46106pt
* \topmargin=-60.33127pt
* \headheight=12.0pt
* \headsep=25.0pt
* \topskip=12.0pt
* \footskip=30.0pt
* \marginparwidth=44.0pt
* \marginparsep=10.0pt
* \columnsep=10.0pt
* \skip\footins=10.8pt plus 4.0pt minus 2.0pt
* \hoffset=0.0pt
* \voffset=0.0pt
* \mag=1000
* \@twocolumnfalse
* \@twosidefalse
* \@mparswitchfalse
* \@reversemarginfalse
* (1in=72.27pt=25.4mm, 1cm=28.453pt)

(/usr/share/texlive/texmf-dist/tex/context/base/mkii/supp-pdf.mkii
[Loading MPS to PDF converter (version 2006.09.02).]
\scratchcounter=\count276
\scratchdimen=\dimen162
\scratchbox=\box55
\nofMPsegments=\count277
\nofMParguments=\count278
\everyMPshowfont=\toks22
\MPscratchCnt=\count279
\MPscratchDim=\dimen163
\MPnumerator=\count280
\makeMPintoPDFobject=\count281
\everyMPtoPDFconversion=\toks23
) (/usr/share/texlive/texmf-dist/tex/latex/epstopdf-pkg/epstopdf-base.sty
Package: epstopdf-base 2020-01-24 v2.11 Base part for package epstopdf
Package epstopdf-base Info: Redefining graphics rule for `.eps' on input line 485.
 (/usr/share/texlive/texmf-dist/tex/latex/latexconfig/epstopdf-sys.cfg
File: epstopdf-sys.cfg 2010/07/13 v1.3 Configuration of (r)epstopdf for TeX Live
))
LaTeX Font Info:    External font `cmex10' loaded for size
(Font)              <14.4> on input line 11.
LaTeX Font Info:    External font `cmex10' loaded for size
(Font)              <7> on input line 11.
 [1

{/var/lib/texmf/fonts/map/pdftex/updmap/pdftex.map}] (/home/akshat/Documents/cpp/assignment/CSC203_8_20107/_minted-main/default-pyg-prefix.pygstyle) (/home/akshat/Documents/cpp/assignment/CSC203_8_20107/_minted-main/default.pygstyle) (/home/akshat/Documents/cpp/assignment/CSC203_8_20107/_minted-main/D4458AB7155D0046B726962E585BD8FAC12DE83030866228F24BF90A4E9FA7C4.pygtex
LaTeX Font Info:    Font shape `OT1/cmtt/bx/n' in size <12> not available
(Font)              Font shape `OT1/cmtt/m/n' tried instead on input line 3.
)
<1.png, id=8, 249.93375pt x 119.44624pt>
File: 1.png Graphic file (type png)
<use 1.png>
Package pdftex.def Info: 1.png  used on input line 38.
(pdftex.def)             Requested size: 252.94499pt x 120.88943pt.
 (/home/akshat/Documents/cpp/assignment/CSC203_8_20107/_minted-main/3138F62689B2585FCB8627F905870F08C2512CA89782FF73F721ADC8AFB2AEC8.pygtex) [2 </home/akshat/Documents/cpp/assignment/CSC203_8_20107/1.png>] (/home/akshat/Documents/cpp/assignment/CSC203_8_20107/_minted-main/EDB8D608D9431B15ACE900B511BF61ED5E64BBFFB95F9A97ACE57E083E819FEC.pygtex)
<2.png, id=16, 193.72375pt x 123.46124pt>
File: 2.png Graphic file (type png)
<use 2.png>
Package pdftex.def Info: 2.png  used on input line 51.
(pdftex.def)             Requested size: 193.72327pt x 123.46092pt.
 (/home/akshat/Documents/cpp/assignment/CSC203_8_20107/_minted-main/3138F62689B2585FCB8627F905870F08439E281393607E483029E89D7CB463C7.pygtex) [3 </home/akshat/Documents/cpp/assignment/CSC203_8_20107/2.png>] (/home/akshat/Documents/cpp/assignment/CSC203_8_20107/_minted-main/42460649CC9B36E46D41BAA9DD2134EECBDC162B45969C355CCFEDBF5D92AD39.pygtex)
<3.png, id=21, 330.23375pt x 264.99pt>
File: 3.png Graphic file (type png)
<use 3.png>
Package pdftex.def Info: 3.png  used on input line 63.
(pdftex.def)             Requested size: 252.94499pt x 202.9795pt.
 (/home/akshat/Documents/cpp/assignment/CSC203_8_20107/_minted-main/41D6A2C81F0B93413530FD0D0B4D1657407500D522FC2E316A4D5C8A13330E78.pygtex) [4 </home/akshat/Documents/cpp/assignment/CSC203_8_20107/3.png>] (/home/akshat/Documents/cpp/assignment/CSC203_8_20107/_minted-main/A59ACA5A6F84F9883A7803C7D9C695764E78F6A9130CD932152AF1E4678CE456.pygtex) [5]
<4.png, id=29, 282.05376pt x 219.82124pt>
File: 4.png Graphic file (type png)
<use 4.png>
Package pdftex.def Info: 4.png  used on input line 76.
(pdftex.def)             Requested size: 404.71353pt x 315.4388pt.
 (/home/akshat/Documents/cpp/assignment/CSC203_8_20107/_minted-main/C4293338BEAB01EED332236671CBE57E0120E39FF64AEF01402BD12959922DDC.pygtex) [6 </home/akshat/Documents/cpp/assignment/CSC203_8_20107/4.png>] (/home/akshat/Documents/cpp/assignment/CSC203_8_20107/_minted-main/646F2898ECD2629340BB316B4339F7ECFAC7E34FA60AB23C5958BDDAA5FCB3B9.pygtex) [7]
<5.png, id=38, 1064.97874pt x 299.1175pt>
File: 5.png Graphic file (type png)
<use 5.png>
Package pdftex.def Info: 5.png  used on input line 89.
(pdftex.def)             Requested size: 505.89pt x 142.08684pt.
 (/home/akshat/Documents/cpp/assignment/CSC203_8_20107/_minted-main/43C49CC2EB2C1DC061AF4896062FCC86F0604DF20452396BD8F0BD2659D34F0A.pygtex) [8 </home/akshat/Documents/cpp/assignment/CSC203_8_20107/5.png>] (/home/akshat/Documents/cpp/assignment/CSC203_8_20107/_minted-main/C7C85257A4004308382E6D8478D3D99269E4857EF1B3EF2B97A2948A02B4D1BF.pygtex) [9]
<6.png, id=46, 320.19624pt x 158.5925pt>
File: 6.png Graphic file (type png)
<use 6.png>
Package pdftex.def Info: 6.png  used on input line 102.
(pdftex.def)             Requested size: 404.71353pt x 200.45676pt.
 (/home/akshat/Documents/cpp/assignment/CSC203_8_20107/_minted-main/C4293338BEAB01EED332236671CBE57E0120E39FF64AEF01402BD12959922DDC.pygtex) (/home/akshat/Documents/cpp/assignment/CSC203_8_20107/_minted-main/43C49CC2EB2C1DC061AF4896062FCC86F0604DF20452396BD8F0BD2659D34F0A.pygtex) [10 </home/akshat/Documents/cpp/assignment/CSC203_8_20107/6.png>] (/home/akshat/Documents/cpp/assignment/CSC203_8_20107/_minted-main/CD0A12348FEBBA7E22650FC150A475F4C27FF91F693E974EA3A1304AF0E98945.pygtex [11] [12] [13]) [14]
<7a.png, id=64, 449.68pt x 547.04375pt>
File: 7a.png Graphic file (type png)
<use 7a.png>
Package pdftex.def Info: 7a.png  used on input line 118.
(pdftex.def)             Requested size: 404.71353pt x 492.35986pt.
 [15 </home/akshat/Documents/cpp/assignment/CSC203_8_20107/7a.png>]
<7b.png, id=69, 448.67625pt x 705.63625pt>
File: 7b.png Graphic file (type png)
<use 7b.png>
Package pdftex.def Info: 7b.png  used on input line 123.
(pdftex.def)             Requested size: 354.12144pt x 556.95123pt.
 [16 </home/akshat/Documents/cpp/assignment/CSC203_8_20107/7b.png>]
<7c.png, id=74, 425.59pt x 546.04pt>
File: 7c.png Graphic file (type png)
<use 7c.png>
Package pdftex.def Info: 7c.png  used on input line 128.
(pdftex.def)             Requested size: 404.71353pt x 519.28496pt.
 [17 </home/akshat/Documents/cpp/assignment/CSC203_8_20107/7c.png>] (/home/akshat/Documents/cpp/assignment/CSC203_8_20107/_minted-main/2090B1448676433AF65DBB3CD8C1185F235BCA14ADF7B86F29C61CF960659B01.pygtex)
<8.png, id=79, 253.94875pt x 106.3975pt>
File: 8.png Graphic file (type png)
<use 8.png>
Package pdftex.def Info: 8.png  used on input line 138.
(pdftex.def)             Requested size: 303.53708pt x 127.17793pt.
 (/home/akshat/Documents/cpp/assignment/CSC203_8_20107/_minted-main/43C49CC2EB2C1DC061AF4896062FCC86F0604DF20452396BD8F0BD2659D34F0A.pygtex) [18 </home/akshat/Documents/cpp/assignment/CSC203_8_20107/8.png>] (/home/akshat/Documents/cpp/assignment/CSC203_8_20107/_minted-main/025DA1D9DB3059A80901D29794A56514B83564A9C10BA97A513F078073F61B39.pygtex [19]) [20]
<9.png, id=91, 279.0425pt x 356.33125pt>
File: 9.png Graphic file (type png)
<use 9.png>
Package pdftex.def Info: 9.png  used on input line 150.
(pdftex.def)             Requested size: 379.4175pt x 484.52252pt.
 [21 </home/akshat/Documents/cpp/assignment/CSC203_8_20107/9.png>] (/home/akshat/Documents/cpp/assignment/CSC203_8_20107/_minted-main/08504F045BF261BEB08A1F623289034D6B563E8770C43E5B348D4C5FDB369AA4.pygtex) [22]
<10.png, id=99, 372.39125pt x 149.55875pt>
File: 10.png Graphic file (type png)
<use 10.png>
Package pdftex.def Info: 10.png  used on input line 160.
(pdftex.def)             Requested size: 252.94499pt x 101.58905pt.
 (/home/akshat/Documents/cpp/assignment/CSC203_8_20107/_minted-main/D3FB33ED1577D46E9CF7FD2FCE08F36912E0100D6AE41CC95316C442DF21EE4F.pygtex) (/home/akshat/Documents/cpp/assignment/CSC203_8_20107/_minted-main/75D6C7D9A0AF50432C2DDD24EBF59A03FA34E0C6DCAF64AF269CAB868A15DA8E.pygtex) (/home/akshat/Documents/cpp/assignment/CSC203_8_20107/_minted-main/47F5DC22C97CF6EADA3CAEF7880CD9042A482DA965295D1365ECE957754A5FA8.pygtex) [23 </home/akshat/Documents/cpp/assignment/CSC203_8_20107/10.png>] (/home/akshat/Documents/cpp/assignment/CSC203_8_20107/_minted-main/B45D203DEE1C7F27DF0E459A455672A912345D67E86E2DD9FE8B2A658B60DDBE.pygtex) [24]
<11.png, id=107, 419.5675pt x 289.08pt>
File: 11.png Graphic file (type png)
<use 11.png>
Package pdftex.def Info: 11.png  used on input line 178.
(pdftex.def)             Requested size: 379.4175pt x 261.4179pt.
 (/home/akshat/Documents/cpp/assignment/CSC203_8_20107/_minted-main/877A5C384375F2869A3FB8A0EDAFE8B61A4CA0675BABCAE76609902602E01601.pygtex) [25 </home/akshat/Documents/cpp/assignment/CSC203_8_20107/11.png>] (/home/akshat/Documents/cpp/assignment/CSC203_8_20107/_minted-main/4DF16E17DF24497415FBAF8180D086B96BA448BAFE2BCAE7387B6ACB8223CE99.pygtex [26])
<12.png, id=116, 305.14pt x 458.71375pt>
File: 12.png Graphic file (type png)
<use 12.png>
Package pdftex.def Info: 12.png  used on input line 190.
(pdftex.def)             Requested size: 303.53708pt x 456.31883pt.
 [27 </home/akshat/Documents/cpp/assignment/CSC203_8_20107/12.png>] (/home/akshat/Documents/cpp/assignment/CSC203_8_20107/_minted-main/CD386823C40991B8A014F1DDE266C19BD997BAD111F297B1ADFE2658949DB75A.pygtex [28] [29] [30] [31]) [32]
<13a.png, id=137, 490.83376pt x 682.55pt>
File: 13a.png Graphic file (type png)
<use 13a.png>
Package pdftex.def Info: 13a.png  used on input line 201.
(pdftex.def)             Requested size: 404.71353pt x 562.80867pt.
 [33 </home/akshat/Documents/cpp/assignment/CSC203_8_20107/13a.png>]
<13b.png, id=142, 426.59375pt x 646.415pt>
File: 13b.png Graphic file (type png)
<use 13b.png>
Package pdftex.def Info: 13b.png  used on input line 206.
(pdftex.def)             Requested size: 404.71353pt x 613.3017pt.


LaTeX Warning: `h' float specifier changed to `ht'.

<13c.png, id=143, 429.605pt x 660.4675pt>
File: 13c.png Graphic file (type png)
<use 13c.png>
Package pdftex.def Info: 13c.png  used on input line 211.
(pdftex.def)             Requested size: 404.71353pt x 622.21013pt.

LaTeX Warning: `h' float specifier changed to `ht'.

[34 </home/akshat/Documents/cpp/assignment/CSC203_8_20107/13b.png>] [35 </home/akshat/Documents/cpp/assignment/CSC203_8_20107/13c.png>] (/home/akshat/Documents/cpp/assignment/CSC203_8_20107/main.aux) ) 
Here is how much of TeX's memory you used:
 6069 strings out of 481239
 115877 string characters out of 5920378
 398474 words of memory out of 5000000
 21163 multiletter control sequences out of 15000+600000
 555475 words of font info for 37 fonts, out of 8000000 for 9000
 1141 hyphenation exceptions out of 8191
 41i,6n,37p,896b,351s stack positions out of 5000i,500n,10000p,200000b,80000s
{/usr/share/texmf/fonts/enc/dvips/tex-gyre/q-rm.enc}</usr/share/texlive/texmf-dist/fonts/type1/public/amsfonts/cm/cmitt10.pfb></usr/share/texlive/texmf-dist/fonts/type1/public/amsfonts/cm/cmtt12.pfb></usr/share/texmf/fonts/type1/public/tex-gyre/qbkb.pfb></usr/share/texmf/fonts/type1/public/tex-gyre/qbkr.pfb>
Output written on /home/akshat/Documents/cpp/assignment/CSC203_8_20107/main.pdf (35 pages, 427308 bytes).
PDF statistics:
 168 PDF objects out of 1000 (max. 8388607)
 92 compressed objects within 1 object stream
 0 named destinations out of 1000 (max. 500000)
 86 words of extra memory for PDF output out of 10000 (max. 10000000)

